TN:
SF:src\middleware.ts
FN:16,middleware
FN:26,(anonymous_1)
FN:59,(anonymous_2)
FN:62,(anonymous_3)
FN:63,(anonymous_4)
FN:67,(anonymous_5)
FNF:6
FNH:0
FNDA:0,middleware
FNDA:0,(anonymous_1)
FNDA:0,(anonymous_2)
FNDA:0,(anonymous_3)
FNDA:0,(anonymous_4)
FNDA:0,(anonymous_5)
DA:7,0
DA:8,0
DA:9,0
DA:10,0
DA:12,0
DA:13,0
DA:14,0
DA:16,0
DA:17,0
DA:20,0
DA:21,0
DA:22,0
DA:25,0
DA:26,0
DA:29,0
DA:30,0
DA:31,0
DA:33,0
DA:34,0
DA:35,0
DA:52,0
DA:54,0
DA:60,0
DA:63,0
DA:64,0
DA:66,0
DA:67,0
DA:68,0
DA:77,0
DA:79,0
DA:80,0
DA:82,0
DA:85,0
DA:86,0
DA:90,0
DA:91,0
DA:92,0
DA:93,0
DA:97,0
DA:98,0
DA:99,0
DA:100,0
DA:101,0
DA:102,0
DA:103,0
DA:105,0
DA:108,0
LF:47
LH:0
BRDA:26,0,0,0
BRDA:26,0,1,0
BRDA:29,1,0,0
BRDA:29,1,1,0
BRDA:30,2,0,0
BRDA:30,2,1,0
BRDA:30,3,0,0
BRDA:30,3,1,0
BRDA:30,4,0,0
BRDA:30,4,1,0
BRDA:30,5,0,0
BRDA:30,5,1,0
BRDA:30,6,0,0
BRDA:30,6,1,0
BRDA:30,7,0,0
BRDA:30,7,1,0
BRDA:33,8,0,0
BRDA:33,8,1,0
BRDA:82,9,0,0
BRDA:82,9,1,0
BRDA:85,10,0,0
BRDA:85,10,1,0
BRDA:85,11,0,0
BRDA:85,11,1,0
BRDA:90,12,0,0
BRDA:90,12,1,0
BRDA:90,13,0,0
BRDA:90,13,1,0
BRF:28
BRH:0
end_of_record
TN:
SF:src\components\patient-communication\patient-communication-utils.ts
FN:47,getChannelConfig
FN:62,getKnownChannelTypes
FN:83,getCommunicationStatusInfo
FN:96,getKnownCommunicationStatuses
FN:106,sortTimelineGroupsByDate
FN:107,(anonymous_5)
FN:114,isTimelineOrderedDescending
FNF:7
FNH:0
FNDA:0,getChannelConfig
FNDA:0,getKnownChannelTypes
FNDA:0,getCommunicationStatusInfo
FNDA:0,getKnownCommunicationStatuses
FNDA:0,sortTimelineGroupsByDate
FNDA:0,(anonymous_5)
FNDA:0,isTimelineOrderedDescending
DA:11,0
DA:47,0
DA:53,0
DA:54,0
DA:56,0
DA:62,0
DA:63,0
DA:68,0
DA:83,0
DA:87,0
DA:88,0
DA:90,0
DA:96,0
DA:97,0
DA:106,0
DA:107,0
DA:114,0
DA:115,0
DA:116,0
DA:117,0
DA:120,0
DA:130,0
LF:22
LH:0
BRDA:53,0,0,0
BRDA:53,0,1,0
BRDA:87,1,0,0
BRDA:87,1,1,0
BRDA:116,2,0,0
BRDA:116,2,1,0
BRF:6
BRH:0
end_of_record
TN:
SF:src\components\patient-documents\patient-documents-utils.ts
FN:51,getFileTypeConfig
FN:67,isAudioFile
FN:74,getKnownFileTypes
FN:85,calculateStoragePercentage
FNF:4
FNH:0
FNDA:0,getFileTypeConfig
FNDA:0,isAudioFile
FNDA:0,getKnownFileTypes
FNDA:0,calculateStoragePercentage
DA:11,0
DA:51,0
DA:57,0
DA:58,0
DA:60,0
DA:67,0
DA:68,0
DA:74,0
DA:75,0
DA:85,0
DA:86,0
DA:87,0
DA:96,0
LF:13
LH:0
BRDA:57,0,0,0
BRDA:57,0,1,0
BRDA:86,1,0,0
BRDA:86,1,1,0
BRF:4
BRH:0
end_of_record
TN:
SF:src\components\patient-goals\patient-goals-utils.ts
FN:23,getGoalStatusInfo
FN:33,getKnownGoalStatuses
FN:66,getGoalColorScheme
FN:81,getKnownGoalColorSchemes
FN:91,clampProgress
FN:121,getActivityLocationInfo
FN:135,getActivityLocationIcon
FN:149,getKnownActivityLocations
FNF:8
FNH:0
FNDA:0,getGoalStatusInfo
FNDA:0,getKnownGoalStatuses
FNDA:0,getGoalColorScheme
FNDA:0,getKnownGoalColorSchemes
FNDA:0,clampProgress
FNDA:0,getActivityLocationInfo
FNDA:0,getActivityLocationIcon
FNDA:0,getKnownActivityLocations
DA:11,0
DA:23,0
DA:24,0
DA:25,0
DA:27,0
DA:33,0
DA:34,0
DA:39,0
DA:66,0
DA:72,0
DA:73,0
DA:75,0
DA:81,0
DA:82,0
DA:91,0
DA:92,0
DA:97,0
DA:121,0
DA:126,0
DA:127,0
DA:129,0
DA:135,0
DA:136,0
DA:138,0
DA:140,0
DA:142,0
DA:149,0
DA:150,0
LF:28
LH:0
BRDA:24,0,0,0
BRDA:24,0,1,0
BRDA:72,1,0,0
BRDA:72,1,1,0
BRDA:126,2,0,0
BRDA:126,2,1,0
BRDA:136,3,0,0
BRDA:136,3,1,0
BRDA:136,3,2,0
BRF:9
BRH:0
end_of_record
TN:
SF:src\components\patient-profile\patient-profile-utils.ts
FN:35,getPatientStatusConfig
FN:45,getKnownPatientStatuses
FN:75,getAppointmentStatusConfig
FN:85,getKnownAppointmentStatuses
FN:109,getReportStatusConfig
FN:119,getKnownReportStatuses
FN:145,formatReportType
FN:152,getKnownReportTypes
FN:161,formatAppointmentDate
FN:172,formatAppointmentTime
FN:182,formatReportDate
FNF:11
FNH:0
FNDA:0,getPatientStatusConfig
FNDA:0,getKnownPatientStatuses
FNDA:0,getAppointmentStatusConfig
FNDA:0,getKnownAppointmentStatuses
FNDA:0,getReportStatusConfig
FNDA:0,getKnownReportStatuses
FNDA:0,formatReportType
FNDA:0,getKnownReportTypes
FNDA:0,formatAppointmentDate
FNDA:0,formatAppointmentTime
FNDA:0,formatReportDate
DA:17,0
DA:24,0
DA:35,0
DA:36,0
DA:37,0
DA:39,0
DA:45,0
DA:46,0
DA:57,0
DA:65,0
DA:75,0
DA:76,0
DA:77,0
DA:79,0
DA:85,0
DA:86,0
DA:91,0
DA:99,0
DA:109,0
DA:110,0
DA:111,0
DA:113,0
DA:119,0
DA:120,0
DA:125,0
DA:145,0
DA:146,0
DA:152,0
DA:153,0
DA:161,0
DA:162,0
DA:172,0
DA:173,0
DA:182,0
DA:183,0
LF:35
LH:0
BRDA:36,0,0,0
BRDA:36,0,1,0
BRDA:76,1,0,0
BRDA:76,1,1,0
BRDA:110,2,0,0
BRDA:110,2,1,0
BRDA:146,3,0,0
BRDA:146,3,1,0
BRF:8
BRH:0
end_of_record
TN:
SF:src\components\patients\patient-utils.ts
FN:12,getInitials
FN:34,getAvatarColor
FN:43,getSpecialtyColor
FN:70,filterPatients
FN:77,(anonymous_4)
FNF:5
FNH:0
FNDA:0,getInitials
FNDA:0,getAvatarColor
FNDA:0,getSpecialtyColor
FNDA:0,filterPatients
FNDA:0,(anonymous_4)
DA:12,0
DA:13,0
DA:14,0
DA:15,0
DA:17,0
DA:20,0
DA:34,0
DA:35,0
DA:36,0
DA:43,0
DA:44,0
DA:45,0
DA:46,0
DA:47,0
DA:48,0
DA:49,0
DA:50,0
DA:51,0
DA:70,0
DA:74,0
DA:76,0
DA:77,0
DA:78,0
LF:23
LH:0
BRDA:14,0,0,0
BRDA:14,0,1,0
BRDA:45,1,0,0
BRDA:45,1,1,0
BRDA:46,2,0,0
BRDA:46,2,1,0
BRDA:47,3,0,0
BRDA:47,3,1,0
BRDA:48,4,0,0
BRDA:48,4,1,0
BRDA:49,5,0,0
BRDA:49,5,1,0
BRDA:50,6,0,0
BRDA:50,6,1,0
BRDA:74,7,0,0
BRDA:74,7,1,0
BRDA:79,8,0,0
BRDA:79,8,1,0
BRDA:79,8,2,0
BRDA:80,9,0,0
BRDA:80,9,1,0
BRDA:80,10,0,0
BRDA:80,10,1,0
BRDA:81,11,0,0
BRDA:81,11,1,0
BRDA:81,12,0,0
BRDA:81,12,1,0
BRF:27
BRH:0
end_of_record
TN:
SF:src\hooks\use-appointments.ts
FN:7,useAppointments
FN:19,(anonymous_10)
FN:31,useAppointment
FN:34,(anonymous_12)
FN:41,useTodayAppointments
FN:49,useWeekAppointments
FN:66,useAppointmentMutations
FN:70,(anonymous_16)
FN:71,(anonymous_17)
FN:74,(anonymous_18)
FN:80,(anonymous_19)
FN:85,(anonymous_20)
FN:90,(anonymous_21)
FN:96,(anonymous_22)
FN:102,(anonymous_23)
FNF:15
FNH:0
FNDA:0,useAppointments
FNDA:0,(anonymous_10)
FNDA:0,useAppointment
FNDA:0,(anonymous_12)
FNDA:0,useTodayAppointments
FNDA:0,useWeekAppointments
FNDA:0,useAppointmentMutations
FNDA:0,(anonymous_16)
FNDA:0,(anonymous_17)
FNDA:0,(anonymous_18)
FNDA:0,(anonymous_19)
FNDA:0,(anonymous_20)
FNDA:0,(anonymous_21)
FNDA:0,(anonymous_22)
FNDA:0,(anonymous_23)
DA:1,0
DA:2,0
DA:7,0
DA:17,0
DA:19,0
DA:22,0
DA:31,0
DA:32,0
DA:34,0
DA:38,0
DA:41,0
DA:42,0
DA:43,0
DA:44,0
DA:46,0
DA:49,0
DA:50,0
DA:51,0
DA:52,0
DA:53,0
DA:54,0
DA:56,0
DA:57,0
DA:58,0
DA:60,0
DA:66,0
DA:67,0
DA:69,0
DA:70,0
DA:71,0
DA:74,0
DA:75,0
DA:76,0
DA:79,0
DA:80,0
DA:84,0
DA:85,0
DA:89,0
DA:91,0
DA:95,0
DA:97,0
DA:101,0
DA:102,0
DA:106,0
LF:44
LH:0
BRDA:23,0,0,0
BRDA:23,0,1,0
BRDA:23,1,0,0
BRDA:23,1,1,0
BRDA:23,2,0,0
BRDA:23,2,1,0
BRDA:23,3,0,0
BRDA:23,3,1,0
BRDA:24,4,0,0
BRDA:24,4,1,0
BRDA:24,5,0,0
BRDA:24,5,1,0
BRDA:24,6,0,0
BRDA:24,6,1,0
BRDA:24,7,0,0
BRDA:24,7,1,0
BRF:16
BRH:0
end_of_record
TN:
SF:src\hooks\use-audio-transcription.ts
FN:20,useAudioTranscription
FN:26,(anonymous_10)
FN:46,(anonymous_11)
FN:81,(anonymous_12)
FNF:4
FNH:0
FNDA:0,useAudioTranscription
FNDA:0,(anonymous_10)
FNDA:0,(anonymous_11)
FNDA:0,(anonymous_12)
DA:3,0
DA:4,0
DA:20,0
DA:21,0
DA:22,0
DA:25,0
DA:33,0
DA:34,0
DA:36,0
DA:37,0
DA:38,0
DA:45,0
DA:47,0
DA:48,0
DA:50,0
DA:51,0
DA:57,0
DA:58,0
DA:61,0
DA:62,0
DA:69,0
DA:71,0
DA:72,0
DA:73,0
DA:75,0
DA:81,0
DA:82,0
DA:83,0
DA:87,0
DA:88,0
DA:92,0
LF:31
LH:0
BRDA:36,0,0,0
BRDA:36,0,1,0
BRDA:46,1,0,0
BRDA:57,2,0,0
BRDA:57,2,1,0
BRDA:61,3,0,0
BRDA:61,3,1,0
BRDA:69,4,0,0
BRDA:69,4,1,0
BRDA:71,5,0,0
BRDA:71,5,1,0
BRDA:87,6,0,0
BRDA:87,6,1,0
BRF:13
BRH:0
end_of_record
TN:
SF:src\hooks\use-audio-upload.ts
FN:17,useAudioUpload
FN:23,(anonymous_10)
FN:76,(anonymous_11)
FNF:3
FNH:0
FNDA:0,useAudioUpload
FNDA:0,(anonymous_10)
FNDA:0,(anonymous_11)
DA:3,0
DA:4,0
DA:17,0
DA:18,0
DA:19,0
DA:20,0
DA:22,0
DA:24,0
DA:25,0
DA:26,0
DA:28,0
DA:29,0
DA:30,0
DA:33,0
DA:34,0
DA:35,0
DA:38,0
DA:39,0
DA:40,0
DA:42,0
DA:50,0
DA:51,0
DA:52,0
DA:56,0
DA:59,0
DA:63,0
DA:64,0
DA:66,0
DA:67,0
DA:68,0
DA:70,0
DA:76,0
DA:77,0
DA:78,0
DA:79,0
DA:81,0
DA:82,0
DA:83,0
DA:84,0
DA:86,0
DA:87,0
DA:91,0
LF:42
LH:0
BRDA:29,0,0,0
BRDA:29,0,1,0
BRDA:34,1,0,0
BRDA:34,1,1,0
BRDA:50,2,0,0
BRDA:50,2,1,0
BRDA:51,3,0,0
BRDA:51,3,1,0
BRDA:51,4,0,0
BRDA:51,4,1,0
BRDA:51,5,0,0
BRDA:51,5,1,0
BRDA:51,6,0,0
BRDA:51,6,1,0
BRDA:51,7,0,0
BRDA:51,7,1,0
BRDA:51,8,0,0
BRDA:51,8,1,0
BRDA:56,9,0,0
BRDA:56,9,1,0
BRDA:66,10,0,0
BRDA:66,10,1,0
BRDA:79,11,0,0
BRDA:79,11,1,0
BRDA:83,12,0,0
BRDA:83,12,1,0
BRDA:86,13,0,0
BRDA:86,13,1,0
BRF:28
BRH:0
end_of_record
TN:
SF:src\hooks\use-auth.ts
FN:9,useAuth
FN:14,(anonymous_10)
FN:16,(anonymous_11)
FN:21,(anonymous_12)
FN:26,(anonymous_13)
FN:29,(anonymous_14)
FN:35,(anonymous_15)
FN:39,(anonymous_16)
FN:48,useRequireAuth
FN:52,(anonymous_18)
FNF:10
FNH:0
FNDA:0,useAuth
FNDA:0,(anonymous_10)
FNDA:0,(anonymous_11)
FNDA:0,(anonymous_12)
FNDA:0,(anonymous_13)
FNDA:0,(anonymous_14)
FNDA:0,(anonymous_15)
FNDA:0,(anonymous_16)
FNDA:0,useRequireAuth
FNDA:0,(anonymous_18)
DA:3,0
DA:4,0
DA:5,0
DA:6,0
DA:9,0
DA:10,0
DA:11,0
DA:12,0
DA:14,0
DA:15,0
DA:16,0
DA:17,0
DA:18,0
DA:21,0
DA:22,0
DA:23,0
DA:26,0
DA:29,0
DA:30,0
DA:31,0
DA:32,0
DA:35,0
DA:36,0
DA:39,0
DA:40,0
DA:41,0
DA:42,0
DA:45,0
DA:48,0
DA:49,0
DA:50,0
DA:52,0
DA:53,0
DA:54,0
DA:58,0
LF:35
LH:0
BRDA:22,0,0,0
BRDA:22,0,1,0
BRDA:22,1,0,0
BRDA:22,1,1,0
BRDA:22,2,0,0
BRDA:22,2,1,0
BRDA:22,3,0,0
BRDA:22,3,1,0
BRDA:53,4,0,0
BRDA:53,4,1,0
BRDA:53,5,0,0
BRDA:53,5,1,0
BRF:12
BRH:0
end_of_record
TN:
SF:src\hooks\use-evolution-history.ts
FN:41,useEvolutionHistory
FN:50,(anonymous_1)
FN:74,(anonymous_2)
FN:79,(anonymous_3)
FNF:4
FNH:0
FNDA:0,useEvolutionHistory
FNDA:0,(anonymous_1)
FNDA:0,(anonymous_2)
FNDA:0,(anonymous_3)
DA:1,0
DA:7,0
DA:41,0
DA:45,0
DA:46,0
DA:47,0
DA:48,0
DA:50,0
DA:51,0
DA:52,0
DA:53,0
DA:55,0
DA:59,0
DA:61,0
DA:62,0
DA:63,0
DA:65,0
DA:68,0
DA:70,0
DA:74,0
DA:75,0
DA:79,0
DA:80,0
DA:81,0
DA:84,0
LF:25
LH:0
BRDA:55,0,0,0
BRDA:55,0,1,0
BRDA:61,1,0,0
BRDA:61,1,1,0
BRDA:68,2,0,0
BRDA:68,2,1,0
BRDA:80,3,0,0
BRDA:80,3,1,0
BRF:8
BRH:0
end_of_record
TN:
SF:src\hooks\use-finances.ts
FN:41,useFinances
FN:51,(anonymous_10)
FN:80,(anonymous_11)
FN:84,(anonymous_12)
FN:87,(anonymous_13)
FN:91,(anonymous_14)
FN:102,(anonymous_15)
FN:103,(anonymous_16)
FN:109,(anonymous_17)
FN:123,(anonymous_18)
FN:128,(anonymous_19)
FN:137,(anonymous_20)
FN:146,(anonymous_21)
FNF:13
FNH:0
FNDA:0,useFinances
FNDA:0,(anonymous_10)
FNDA:0,(anonymous_11)
FNDA:0,(anonymous_12)
FNDA:0,(anonymous_13)
FNDA:0,(anonymous_14)
FNDA:0,(anonymous_15)
FNDA:0,(anonymous_16)
FNDA:0,(anonymous_17)
FNDA:0,(anonymous_18)
FNDA:0,(anonymous_19)
FNDA:0,(anonymous_20)
FNDA:0,(anonymous_21)
DA:3,0
DA:4,0
DA:28,0
DA:41,0
DA:42,0
DA:43,0
DA:46,0
DA:47,0
DA:48,0
DA:49,0
DA:51,0
DA:52,0
DA:53,0
DA:54,0
DA:56,0
DA:61,0
DA:62,0
DA:64,0
DA:71,0
DA:72,0
DA:73,0
DA:74,0
DA:75,0
DA:76,0
DA:77,0
DA:79,0
DA:81,0
DA:82,0
DA:84,0
DA:86,0
DA:88,0
DA:89,0
DA:91,0
DA:93,0
DA:99,0
DA:101,0
DA:102,0
DA:104,0
DA:105,0
DA:108,0
DA:109,0
DA:115,0
DA:117,0
DA:119,0
DA:123,0
DA:124,0
DA:127,0
DA:129,0
DA:130,0
DA:131,0
DA:136,0
DA:138,0
DA:139,0
DA:140,0
DA:145,0
DA:147,0
DA:148,0
DA:153,0
LF:58
LH:0
BRDA:61,0,0,0
BRDA:61,0,1,0
BRDA:82,1,0,0
BRDA:82,1,1,0
BRDA:82,1,2,0
BRDA:82,1,3,0
BRDA:89,2,0,0
BRDA:89,2,1,0
BRDA:89,2,2,0
BRDA:89,2,3,0
BRDA:102,3,0,0
BRDA:102,3,1,0
BRDA:104,4,0,0
BRDA:104,4,1,0
BRDA:112,5,0,0
BRDA:112,5,1,0
BRDA:117,6,0,0
BRDA:117,6,1,0
BRF:18
BRH:0
end_of_record
TN:
SF:src\hooks\use-media-query.ts
FN:5,useMediaQuery
FN:8,(anonymous_1)
FN:12,(anonymous_2)
FN:14,(anonymous_3)
FNF:4
FNH:0
FNDA:0,useMediaQuery
FNDA:0,(anonymous_1)
FNDA:0,(anonymous_2)
FNDA:0,(anonymous_3)
DA:3,0
DA:5,0
DA:6,0
DA:8,0
DA:9,0
DA:10,0
DA:12,0
DA:13,0
DA:14,0
DA:17,0
LF:10
LH:0
BRF:0
BRH:0
end_of_record
TN:
SF:src\hooks\use-messages.ts
FN:7,useMessages
FN:10,(anonymous_11)
FN:24,useCreateMessage
FN:28,(anonymous_13)
FN:30,(anonymous_14)
FNF:5
FNH:0
FNDA:0,useMessages
FNDA:0,(anonymous_11)
FNDA:0,useCreateMessage
FNDA:0,(anonymous_13)
FNDA:0,(anonymous_14)
DA:1,0
DA:2,0
DA:7,0
DA:8,0
DA:10,0
DA:14,0
DA:24,0
DA:25,0
DA:27,0
DA:28,0
DA:29,0
DA:31,0
DA:35,0
LF:13
LH:0
BRDA:15,0,0,0
BRDA:15,0,1,0
BRDA:15,1,0,0
BRDA:15,1,1,0
BRDA:15,2,0,0
BRDA:15,2,1,0
BRDA:15,3,0,0
BRDA:15,3,1,0
BRDA:16,4,0,0
BRDA:16,4,1,0
BRDA:16,5,0,0
BRDA:16,5,1,0
BRDA:16,6,0,0
BRDA:16,6,1,0
BRDA:16,7,0,0
BRDA:16,7,1,0
BRDA:17,8,0,0
BRDA:17,8,1,0
BRDA:17,9,0,0
BRDA:17,9,1,0
BRDA:17,10,0,0
BRDA:17,10,1,0
BRDA:17,11,0,0
BRDA:17,11,1,0
BRF:24
BRH:0
end_of_record
TN:
SF:src\hooks\use-onboarding-storage.ts
FN:19,useOnboardingStorage
FN:20,(anonymous_1)
FN:30,(anonymous_2)
FN:31,(anonymous_3)
FN:38,(anonymous_4)
FNF:5
FNH:0
FNDA:0,useOnboardingStorage
FNDA:0,(anonymous_1)
FNDA:0,(anonymous_2)
FNDA:0,(anonymous_3)
FNDA:0,(anonymous_4)
DA:3,0
DA:17,0
DA:19,0
DA:20,0
DA:21,0
DA:22,0
DA:23,0
DA:24,0
DA:26,0
DA:30,0
DA:31,0
DA:32,0
DA:33,0
DA:34,0
DA:38,0
DA:39,0
DA:40,0
DA:43,0
LF:18
LH:0
BRDA:21,0,0,0
BRDA:21,0,1,0
BRDA:24,1,0,0
BRDA:24,1,1,0
BRF:4
BRH:0
end_of_record
TN:
SF:src\hooks\use-patients.ts
FN:7,usePatients
FN:16,(anonymous_11)
FN:29,usePatient
FN:32,(anonymous_13)
FN:39,usePatientMutations
FN:43,(anonymous_15)
FN:44,(anonymous_16)
FN:48,(anonymous_17)
FN:50,(anonymous_18)
FN:57,(anonymous_19)
FN:58,(anonymous_20)
FN:61,(anonymous_21)
FN:70,(anonymous_22)
FN:81,(anonymous_23)
FNF:14
FNH:0
FNDA:0,usePatients
FNDA:0,(anonymous_11)
FNDA:0,usePatient
FNDA:0,(anonymous_13)
FNDA:0,usePatientMutations
FNDA:0,(anonymous_15)
FNDA:0,(anonymous_16)
FNDA:0,(anonymous_17)
FNDA:0,(anonymous_18)
FNDA:0,(anonymous_19)
FNDA:0,(anonymous_20)
FNDA:0,(anonymous_21)
FNDA:0,(anonymous_22)
FNDA:0,(anonymous_23)
DA:1,0
DA:2,0
DA:7,0
DA:14,0
DA:16,0
DA:19,0
DA:29,0
DA:30,0
DA:32,0
DA:36,0
DA:39,0
DA:40,0
DA:42,0
DA:43,0
DA:44,0
DA:47,0
DA:48,0
DA:49,0
DA:51,0
DA:52,0
DA:56,0
DA:57,0
DA:58,0
DA:61,0
DA:62,0
DA:63,0
DA:64,0
DA:66,0
DA:70,0
DA:71,0
DA:72,0
DA:73,0
DA:74,0
DA:75,0
DA:77,0
DA:81,0
DA:82,0
DA:83,0
DA:84,0
DA:85,0
DA:86,0
DA:88,0
DA:92,0
LF:43
LH:0
BRDA:20,0,0,0
BRDA:20,0,1,0
BRDA:20,1,0,0
BRDA:20,1,1,0
BRDA:20,2,0,0
BRDA:20,2,1,0
BRDA:20,3,0,0
BRDA:20,3,1,0
BRDA:21,4,0,0
BRDA:21,4,1,0
BRDA:21,5,0,0
BRDA:21,5,1,0
BRDA:21,6,0,0
BRDA:21,6,1,0
BRDA:21,7,0,0
BRDA:21,7,1,0
BRDA:22,8,0,0
BRDA:22,8,1,0
BRDA:22,9,0,0
BRDA:22,9,1,0
BRDA:22,10,0,0
BRDA:22,10,1,0
BRDA:22,11,0,0
BRDA:22,11,1,0
BRDA:66,12,0,0
BRDA:66,12,1,0
BRDA:77,13,0,0
BRDA:77,13,1,0
BRDA:88,14,0,0
BRDA:88,14,1,0
BRDA:102,15,0,0
BRDA:102,15,1,0
BRDA:102,15,2,0
BRF:33
BRH:0
end_of_record
TN:
SF:src\hooks\use-reports.ts
FN:7,useReports
FN:18,(anonymous_11)
FN:30,useReport
FN:33,(anonymous_13)
FN:40,usePatientReports
FN:44,usePendingReports
FN:48,useReportMutations
FN:52,(anonymous_17)
FN:53,(anonymous_18)
FN:57,(anonymous_19)
FN:59,(anonymous_20)
FN:66,(anonymous_21)
FN:67,(anonymous_22)
FN:71,(anonymous_23)
FN:72,(anonymous_24)
FN:79,(anonymous_25)
FN:80,(anonymous_26)
FNF:17
FNH:0
FNDA:0,useReports
FNDA:0,(anonymous_11)
FNDA:0,useReport
FNDA:0,(anonymous_13)
FNDA:0,usePatientReports
FNDA:0,usePendingReports
FNDA:0,useReportMutations
FNDA:0,(anonymous_17)
FNDA:0,(anonymous_18)
FNDA:0,(anonymous_19)
FNDA:0,(anonymous_20)
FNDA:0,(anonymous_21)
FNDA:0,(anonymous_22)
FNDA:0,(anonymous_23)
FNDA:0,(anonymous_24)
FNDA:0,(anonymous_25)
FNDA:0,(anonymous_26)
DA:1,0
DA:2,0
DA:7,0
DA:16,0
DA:18,0
DA:21,0
DA:30,0
DA:31,0
DA:33,0
DA:37,0
DA:40,0
DA:41,0
DA:44,0
DA:45,0
DA:48,0
DA:49,0
DA:51,0
DA:52,0
DA:53,0
DA:56,0
DA:57,0
DA:58,0
DA:60,0
DA:61,0
DA:65,0
DA:66,0
DA:67,0
DA:70,0
DA:71,0
DA:73,0
DA:74,0
DA:78,0
DA:79,0
DA:81,0
DA:82,0
DA:86,0
LF:36
LH:0
BRDA:22,0,0,0
BRDA:22,0,1,0
BRDA:22,1,0,0
BRDA:22,1,1,0
BRDA:22,2,0,0
BRDA:22,2,1,0
BRDA:22,3,0,0
BRDA:22,3,1,0
BRDA:23,4,0,0
BRDA:23,4,1,0
BRDA:23,5,0,0
BRDA:23,5,1,0
BRDA:23,6,0,0
BRDA:23,6,1,0
BRDA:23,7,0,0
BRDA:23,7,1,0
BRF:16
BRH:0
end_of_record
TN:
SF:src\hooks\use-session-manager.ts
FN:28,useSessionManager
FN:45,(anonymous_1)
FN:60,(anonymous_2)
FN:71,(anonymous_3)
FN:81,(anonymous_4)
FN:93,(anonymous_5)
FN:98,(anonymous_6)
FN:106,(anonymous_7)
FN:111,(anonymous_8)
FN:121,(anonymous_9)
FN:122,(anonymous_10)
FN:126,(anonymous_11)
FN:133,(anonymous_12)
FN:134,(anonymous_13)
FN:142,(anonymous_14)
FN:147,(anonymous_15)
FN:158,(anonymous_16)
FNF:17
FNH:0
FNDA:0,useSessionManager
FNDA:0,(anonymous_1)
FNDA:0,(anonymous_2)
FNDA:0,(anonymous_3)
FNDA:0,(anonymous_4)
FNDA:0,(anonymous_5)
FNDA:0,(anonymous_6)
FNDA:0,(anonymous_7)
FNDA:0,(anonymous_8)
FNDA:0,(anonymous_9)
FNDA:0,(anonymous_10)
FNDA:0,(anonymous_11)
FNDA:0,(anonymous_12)
FNDA:0,(anonymous_13)
FNDA:0,(anonymous_14)
FNDA:0,(anonymous_15)
FNDA:0,(anonymous_16)
DA:3,0
DA:4,0
DA:17,0
DA:18,0
DA:20,0
DA:28,0
DA:31,0
DA:32,0
DA:34,0
DA:35,0
DA:36,0
DA:40,0
DA:41,0
DA:42,0
DA:43,0
DA:45,0
DA:46,0
DA:47,0
DA:48,0
DA:50,0
DA:51,0
DA:52,0
DA:54,0
DA:55,0
DA:56,0
DA:60,0
DA:61,0
DA:62,0
DA:63,0
DA:64,0
DA:68,0
DA:71,0
DA:72,0
DA:73,0
DA:74,0
DA:76,0
DA:77,0
DA:80,0
DA:81,0
DA:82,0
DA:83,0
DA:84,0
DA:85,0
DA:86,0
DA:87,0
DA:93,0
DA:94,0
DA:98,0
DA:100,0
DA:102,0
DA:103,0
DA:106,0
DA:107,0
DA:111,0
DA:112,0
DA:113,0
DA:114,0
DA:115,0
DA:116,0
DA:117,0
DA:121,0
DA:122,0
DA:123,0
DA:126,0
DA:127,0
DA:131,0
DA:133,0
DA:134,0
DA:135,0
DA:137,0
DA:142,0
DA:143,0
DA:147,0
DA:148,0
DA:149,0
DA:150,0
DA:151,0
DA:152,0
DA:153,0
DA:158,0
DA:159,0
DA:163,0
LF:82
LH:0
BRDA:31,0,0,0
BRDA:31,0,1,0
BRDA:31,1,0,0
BRDA:31,1,1,0
BRDA:31,2,0,0
BRDA:31,2,1,0
BRDA:31,3,0,0
BRDA:31,3,1,0
BRDA:32,4,0,0
BRDA:32,4,1,0
BRDA:32,5,0,0
BRDA:32,5,1,0
BRDA:32,6,0,0
BRDA:32,6,1,0
BRDA:32,7,0,0
BRDA:32,7,1,0
BRDA:46,8,0,0
BRDA:46,8,1,0
BRDA:50,9,0,0
BRDA:50,9,1,0
BRDA:54,10,0,0
BRDA:54,10,1,0
BRDA:84,11,0,0
BRDA:84,11,1,0
BRDA:85,12,0,0
BRDA:85,12,1,0
BRDA:100,13,0,0
BRDA:100,13,1,0
BRDA:102,14,0,0
BRDA:102,14,1,0
BRDA:148,15,0,0
BRDA:148,15,1,0
BRF:32
BRH:0
end_of_record
TN:
SF:src\hooks\use-tasks.ts
FN:7,useTasks
FN:19,(anonymous_11)
FN:25,(anonymous_12)
FN:26,(anonymous_13)
FN:30,(anonymous_14)
FN:32,(anonymous_15)
FN:36,(anonymous_16)
FN:37,(anonymous_17)
FN:40,(anonymous_18)
FN:41,(anonymous_19)
FN:54,(anonymous_20)
FN:55,(anonymous_21)
FN:57,(anonymous_22)
FN:60,(anonymous_23)
FN:66,(anonymous_24)
FN:87,useTask
FN:90,(anonymous_26)
FNF:17
FNH:0
FNDA:0,useTasks
FNDA:0,(anonymous_11)
FNDA:0,(anonymous_12)
FNDA:0,(anonymous_13)
FNDA:0,(anonymous_14)
FNDA:0,(anonymous_15)
FNDA:0,(anonymous_16)
FNDA:0,(anonymous_17)
FNDA:0,(anonymous_18)
FNDA:0,(anonymous_19)
FNDA:0,(anonymous_20)
FNDA:0,(anonymous_21)
FNDA:0,(anonymous_22)
FNDA:0,(anonymous_23)
FNDA:0,(anonymous_24)
FNDA:0,useTask
FNDA:0,(anonymous_26)
DA:1,0
DA:2,0
DA:7,0
DA:15,0
DA:17,0
DA:19,0
DA:22,0
DA:24,0
DA:25,0
DA:26,0
DA:29,0
DA:30,0
DA:31,0
DA:32,0
DA:35,0
DA:36,0
DA:37,0
DA:40,0
DA:41,0
DA:42,0
DA:43,0
DA:44,0
DA:48,0
DA:49,0
DA:52,0
DA:54,0
DA:55,0
DA:57,0
DA:61,0
DA:66,0
DA:70,0
DA:87,0
DA:88,0
DA:90,0
DA:94,0
LF:35
LH:0
BRDA:22,0,0,0
BRDA:22,0,1,0
BRDA:22,1,0,0
BRDA:22,1,1,0
BRDA:22,2,0,0
BRDA:22,2,1,0
BRDA:22,3,0,0
BRDA:22,3,1,0
BRDA:42,4,0,0
BRDA:42,4,1,0
BRDA:43,5,0,0
BRDA:43,5,1,0
BRDA:57,6,0,0
BRDA:57,6,1,0
BRDA:57,6,2,0
BRDA:61,7,0,0
BRDA:61,7,1,0
BRDA:61,7,2,0
BRDA:66,8,0,0
BRDA:66,8,1,0
BRDA:75,9,0,0
BRDA:75,9,1,0
BRDA:75,10,0,0
BRDA:75,10,1,0
BRDA:75,11,0,0
BRDA:75,11,1,0
BRDA:75,12,0,0
BRDA:75,12,1,0
BRF:28
BRH:0
end_of_record
TN:
SF:src\hooks\use-transactions.ts
FN:23,useTransactions
FN:28,(anonymous_11)
FN:34,(anonymous_12)
FN:35,(anonymous_13)
FN:42,(anonymous_14)
FN:44,(anonymous_15)
FN:51,(anonymous_16)
FN:52,(anonymous_17)
FN:59,(anonymous_18)
FN:64,(anonymous_19)
FN:84,useFinancialStats
FN:87,(anonymous_21)
FNF:12
FNH:0
FNDA:0,useTransactions
FNDA:0,(anonymous_11)
FNDA:0,(anonymous_12)
FNDA:0,(anonymous_13)
FNDA:0,(anonymous_14)
FNDA:0,(anonymous_15)
FNDA:0,(anonymous_16)
FNDA:0,(anonymous_17)
FNDA:0,(anonymous_18)
FNDA:0,(anonymous_19)
FNDA:0,useFinancialStats
FNDA:0,(anonymous_21)
DA:1,0
DA:2,0
DA:23,0
DA:24,0
DA:26,0
DA:28,0
DA:31,0
DA:33,0
DA:34,0
DA:36,0
DA:37,0
DA:41,0
DA:42,0
DA:43,0
DA:45,0
DA:46,0
DA:50,0
DA:51,0
DA:53,0
DA:54,0
DA:58,0
DA:60,0
DA:65,0
DA:66,0
DA:70,0
DA:84,0
DA:85,0
DA:87,0
DA:90,0
DA:98,0
LF:30
LH:0
BRDA:31,0,0,0
BRDA:31,0,1,0
BRDA:31,1,0,0
BRDA:31,1,1,0
BRDA:31,2,0,0
BRDA:31,2,1,0
BRDA:31,3,0,0
BRDA:31,3,1,0
BRDA:73,4,0,0
BRDA:73,4,1,0
BRDA:73,5,0,0
BRDA:73,5,1,0
BRDA:73,6,0,0
BRDA:73,6,1,0
BRDA:73,7,0,0
BRDA:73,7,1,0
BRDA:90,8,0,0
BRDA:90,8,1,0
BRF:18
BRH:0
end_of_record
TN:
SF:src\hooks\use-user.ts
FN:7,useUser
FN:11,(anonymous_10)
FN:14,(anonymous_11)
FN:19,(anonymous_12)
FN:24,(anonymous_13)
FNF:5
FNH:0
FNDA:0,useUser
FNDA:0,(anonymous_10)
FNDA:0,(anonymous_11)
FNDA:0,(anonymous_12)
FNDA:0,(anonymous_13)
DA:3,0
DA:4,0
DA:7,0
DA:8,0
DA:9,0
DA:11,0
DA:12,0
DA:14,0
DA:15,0
DA:16,0
DA:19,0
DA:20,0
DA:21,0
DA:24,0
DA:27,0
LF:15
LH:0
BRDA:20,0,0,0
BRDA:20,0,1,0
BRDA:20,1,0,0
BRDA:20,1,1,0
BRDA:20,2,0,0
BRDA:20,2,1,0
BRDA:20,3,0,0
BRDA:20,3,1,0
BRF:8
BRH:0
end_of_record
TN:
SF:src\hooks\queries\use-appointments-query.ts
FN:4,useAppointmentsQuery
FN:15,(anonymous_10)
FNF:2
FNH:0
FNDA:0,useAppointmentsQuery
FNDA:0,(anonymous_10)
DA:1,0
DA:2,0
DA:4,0
DA:13,0
DA:15,0
LF:5
LH:0
BRF:0
BRH:0
end_of_record
TN:
SF:src\hooks\queries\use-patients-query.ts
FN:4,usePatientsQuery
FN:12,(anonymous_10)
FNF:2
FNH:0
FNDA:0,usePatientsQuery
FNDA:0,(anonymous_10)
DA:1,0
DA:2,0
DA:4,0
DA:10,0
DA:12,0
LF:5
LH:0
BRF:0
BRH:0
end_of_record
TN:
SF:src\hooks\queries\use-reports-query.ts
FN:4,useReportsQuery
FN:13,(anonymous_10)
FNF:2
FNH:0
FNDA:0,useReportsQuery
FNDA:0,(anonymous_10)
DA:1,0
DA:2,0
DA:4,0
DA:11,0
DA:13,0
LF:5
LH:0
BRF:0
BRH:0
end_of_record
TN:
SF:src\lib\query-client.ts
FN:3,makeQueryClient
FN:16,getQueryClient
FNF:2
FNH:0
FNDA:0,makeQueryClient
FNDA:0,getQueryClient
DA:1,0
DA:3,0
DA:4,0
DA:16,0
DA:17,0
DA:18,0
DA:20,0
DA:21,0
DA:23,0
LF:9
LH:0
BRDA:17,0,0,0
BRDA:17,0,1,0
BRDA:20,1,0,0
BRDA:20,1,1,0
BRF:4
BRH:0
end_of_record
TN:
SF:src\lib\utils.ts
FN:4,cn
FNF:1
FNH:0
FNDA:0,cn
DA:1,0
DA:2,0
DA:4,0
DA:5,0
LF:4
LH:0
BRF:0
BRH:0
end_of_record
TN:
SF:src\lib\analytics\himetrica.ts
FN:7,getHimetrica
FNF:1
FNH:0
FNDA:0,getHimetrica
DA:3,0
DA:5,0
DA:7,0
DA:8,0
DA:9,0
DA:15,0
LF:6
LH:0
BRDA:8,0,0,0
BRDA:8,0,1,0
BRF:2
BRH:0
end_of_record
TN:
SF:src\lib\api\ai-chat.ts
FN:19,sendChatMessage
FNF:1
FNH:0
FNDA:0,sendChatMessage
DA:1,0
DA:19,0
DA:23,0
LF:3
LH:0
BRDA:21,0,0,0
BRF:1
BRH:0
end_of_record
TN:
SF:src\lib\api\appointments.ts
FN:50,createAppointment
FN:54,getAppointment
FN:58,listAppointments
FN:82,confirmAppointment
FN:86,startAppointment
FN:90,completeAppointment
FN:94,cancelAppointment
FN:98,rescheduleAppointment
FN:102,deleteAppointment
FNF:9
FNH:0
FNDA:0,createAppointment
FNDA:0,getAppointment
FNDA:0,listAppointments
FNDA:0,confirmAppointment
FNDA:0,startAppointment
FNDA:0,completeAppointment
FNDA:0,cancelAppointment
FNDA:0,rescheduleAppointment
FNDA:0,deleteAppointment
DA:5,0
DA:50,0
DA:51,0
DA:54,0
DA:55,0
DA:58,0
DA:68,0
DA:69,0
DA:70,0
DA:71,0
DA:72,0
DA:73,0
DA:74,0
DA:75,0
DA:76,0
DA:78,0
DA:79,0
DA:82,0
DA:83,0
DA:86,0
DA:87,0
DA:90,0
DA:91,0
DA:94,0
DA:95,0
DA:98,0
DA:99,0
DA:102,0
DA:103,0
LF:29
LH:0
BRDA:69,0,0,0
BRDA:69,0,1,0
BRDA:69,1,0,0
BRDA:69,1,1,0
BRDA:69,2,0,0
BRDA:69,2,1,0
BRDA:70,3,0,0
BRDA:70,3,1,0
BRDA:70,4,0,0
BRDA:70,4,1,0
BRDA:70,5,0,0
BRDA:70,5,1,0
BRDA:71,6,0,0
BRDA:71,6,1,0
BRDA:71,7,0,0
BRDA:71,7,1,0
BRDA:71,8,0,0
BRDA:71,8,1,0
BRDA:72,9,0,0
BRDA:72,9,1,0
BRDA:72,10,0,0
BRDA:72,10,1,0
BRDA:72,11,0,0
BRDA:72,11,1,0
BRDA:73,12,0,0
BRDA:73,12,1,0
BRDA:73,13,0,0
BRDA:73,13,1,0
BRDA:73,14,0,0
BRDA:73,14,1,0
BRDA:74,15,0,0
BRDA:74,15,1,0
BRDA:74,16,0,0
BRDA:74,16,1,0
BRDA:74,17,0,0
BRDA:74,17,1,0
BRDA:75,18,0,0
BRDA:75,18,1,0
BRDA:75,19,0,0
BRDA:75,19,1,0
BRDA:75,20,0,0
BRDA:75,20,1,0
BRDA:76,21,0,0
BRDA:76,21,1,0
BRDA:76,22,0,0
BRDA:76,22,1,0
BRDA:76,23,0,0
BRDA:76,23,1,0
BRDA:79,24,0,0
BRDA:79,24,1,0
BRF:50
BRH:0
end_of_record
TN:
SF:src\lib\api\auth.ts
FN:17,login
FN:24,register
FN:35,logout
FN:40,getCurrentUser
FN:48,updateProfile
FN:52,changePassword
FNF:6
FNH:0
FNDA:0,login
FNDA:0,register
FNDA:0,logout
FNDA:0,getCurrentUser
FNDA:0,updateProfile
FNDA:0,changePassword
DA:5,0
DA:6,0
DA:17,0
DA:18,0
DA:19,0
DA:20,0
DA:21,0
DA:24,0
DA:25,0
DA:26,0
DA:31,0
DA:32,0
DA:35,0
DA:36,0
DA:37,0
DA:40,0
DA:41,0
DA:42,0
DA:44,0
DA:48,0
DA:49,0
DA:52,0
DA:53,0
LF:23
LH:0
BRDA:20,0,0,0
BRDA:20,0,1,0
BRDA:31,1,0,0
BRDA:31,1,1,0
BRF:4
BRH:0
end_of_record
TN:
SF:src\lib\api\client.ts
FN:17,getAuthHeaders
FN:32,withTimeout
FN:37,(anonymous_2)
FN:39,(anonymous_3)
FN:39,(anonymous_4)
FN:56,sanitizeErrorMessage
FN:72,(anonymous_6)
FN:90,delay
FN:91,(anonymous_8)
FN:94,withRetry
FN:123,isRetryableError
FN:136,(anonymous_11)
FN:149,handleUnauthorized
FN:171,(anonymous_13)
FN:185,request
FN:186,(anonymous_15)
FN:188,(anonymous_16)
FN:202,(anonymous_17)
FN:226,(anonymous_18)
FN:227,(anonymous_19)
FN:229,(anonymous_20)
FN:231,(anonymous_21)
FNF:22
FNH:0
FNDA:0,getAuthHeaders
FNDA:0,withTimeout
FNDA:0,(anonymous_2)
FNDA:0,(anonymous_3)
FNDA:0,(anonymous_4)
FNDA:0,sanitizeErrorMessage
FNDA:0,(anonymous_6)
FNDA:0,delay
FNDA:0,(anonymous_8)
FNDA:0,withRetry
FNDA:0,isRetryableError
FNDA:0,(anonymous_11)
FNDA:0,handleUnauthorized
FNDA:0,(anonymous_13)
FNDA:0,request
FNDA:0,(anonymous_15)
FNDA:0,(anonymous_16)
FNDA:0,(anonymous_17)
FNDA:0,(anonymous_18)
FNDA:0,(anonymous_19)
FNDA:0,(anonymous_20)
FNDA:0,(anonymous_21)
DA:5,0
DA:7,0
DA:9,0
DA:10,0
DA:11,0
DA:18,0
DA:19,0
DA:20,0
DA:22,0
DA:36,0
DA:37,0
DA:39,0
DA:40,0
DA:41,0
DA:43,0
DA:51,0
DA:52,0
DA:53,0
DA:54,0
DA:56,0
DA:59,0
DA:60,0
DA:61,0
DA:62,0
DA:64,0
DA:67,0
DA:68,0
DA:72,0
DA:73,0
DA:74,0
DA:75,0
DA:76,0
DA:77,0
DA:80,0
DA:82,0
DA:83,0
DA:86,0
DA:91,0
DA:101,0
DA:102,0
DA:103,0
DA:105,0
DA:108,0
DA:111,0
DA:114,0
DA:116,0
DA:120,0
DA:125,0
DA:127,0
DA:128,0
DA:138,0
DA:140,0
DA:141,0
DA:153,0
DA:154,0
DA:156,0
DA:157,0
DA:158,0
DA:160,0
DA:164,0
DA:165,0
DA:170,0
DA:171,0
DA:172,0
DA:178,0
DA:186,0
DA:187,0
DA:189,0
DA:190,0
DA:196,0
DA:198,0
DA:199,0
DA:202,0
DA:203,0
DA:206,0
DA:207,0
DA:211,0
DA:214,0
DA:225,0
DA:226,0
DA:228,0
DA:230,0
DA:231,0
LF:83
LH:0
BRDA:7,0,0,0
BRDA:7,0,1,0
BRDA:20,1,0,0
BRDA:20,1,1,0
BRDA:20,2,0,0
BRDA:20,2,1,0
BRDA:24,3,0,0
BRDA:24,3,1,0
BRDA:34,4,0,0
BRDA:40,5,0,0
BRDA:40,5,1,0
BRDA:40,6,0,0
BRDA:40,6,1,0
BRDA:59,7,0,0
BRDA:59,7,1,0
BRDA:61,8,0,0
BRDA:61,8,1,0
BRDA:67,9,0,0
BRDA:67,9,1,0
BRDA:67,10,0,0
BRDA:67,10,1,0
BRDA:73,11,0,0
BRDA:73,11,1,0
BRDA:74,12,0,0
BRDA:74,12,1,0
BRDA:75,13,0,0
BRDA:75,13,1,0
BRDA:76,14,0,0
BRDA:76,14,1,0
BRDA:82,15,0,0
BRDA:82,15,1,0
BRDA:97,16,0,0
BRDA:108,17,0,0
BRDA:108,17,1,0
BRDA:111,18,0,0
BRDA:111,18,1,0
BRDA:114,19,0,0
BRDA:114,19,1,0
BRDA:116,20,0,0
BRDA:116,20,1,0
BRDA:116,21,0,0
BRDA:116,21,1,0
BRDA:125,22,0,0
BRDA:125,22,1,0
BRDA:127,23,0,0
BRDA:127,23,1,0
BRDA:127,24,0,0
BRDA:127,24,1,0
BRDA:127,24,2,0
BRDA:156,25,0,0
BRDA:156,25,1,0
BRDA:157,26,0,0
BRDA:157,26,1,0
BRDA:170,27,0,0
BRDA:170,27,1,0
BRDA:173,28,0,0
BRDA:173,28,1,0
BRDA:185,29,0,0
BRDA:196,30,0,0
BRDA:196,30,1,0
BRDA:198,31,0,0
BRDA:198,31,1,0
BRDA:203,32,0,0
BRDA:203,32,1,0
BRDA:206,33,0,0
BRDA:206,33,1,0
BRDA:206,34,0,0
BRDA:206,34,1,0
BRF:68
BRH:0
end_of_record
TN:
SF:src\lib\api\finances.ts
FN:63,createTransaction
FN:67,listTransactions
FN:89,getTransaction
FN:93,updateTransaction
FN:97,deleteTransaction
FN:101,getSummary
FNF:6
FNH:0
FNDA:0,createTransaction
FNDA:0,listTransactions
FNDA:0,getTransaction
FNDA:0,updateTransaction
FNDA:0,deleteTransaction
FNDA:0,getSummary
DA:5,0
DA:63,0
DA:64,0
DA:67,0
DA:76,0
DA:77,0
DA:78,0
DA:79,0
DA:80,0
DA:81,0
DA:82,0
DA:83,0
DA:85,0
DA:86,0
DA:89,0
DA:90,0
DA:93,0
DA:94,0
DA:97,0
DA:98,0
DA:101,0
DA:102,0
DA:103,0
DA:104,0
DA:106,0
DA:107,0
LF:26
LH:0
BRDA:77,0,0,0
BRDA:77,0,1,0
BRDA:77,1,0,0
BRDA:77,1,1,0
BRDA:77,2,0,0
BRDA:77,2,1,0
BRDA:78,3,0,0
BRDA:78,3,1,0
BRDA:78,4,0,0
BRDA:78,4,1,0
BRDA:78,5,0,0
BRDA:78,5,1,0
BRDA:79,6,0,0
BRDA:79,6,1,0
BRDA:79,7,0,0
BRDA:79,7,1,0
BRDA:79,8,0,0
BRDA:79,8,1,0
BRDA:80,9,0,0
BRDA:80,9,1,0
BRDA:80,10,0,0
BRDA:80,10,1,0
BRDA:80,11,0,0
BRDA:80,11,1,0
BRDA:81,12,0,0
BRDA:81,12,1,0
BRDA:81,13,0,0
BRDA:81,13,1,0
BRDA:81,14,0,0
BRDA:81,14,1,0
BRDA:82,15,0,0
BRDA:82,15,1,0
BRDA:82,16,0,0
BRDA:82,16,1,0
BRDA:82,17,0,0
BRDA:82,17,1,0
BRDA:83,18,0,0
BRDA:83,18,1,0
BRDA:83,19,0,0
BRDA:83,19,1,0
BRDA:83,20,0,0
BRDA:83,20,1,0
BRDA:86,21,0,0
BRDA:86,21,1,0
BRDA:103,22,0,0
BRDA:103,22,1,0
BRDA:104,23,0,0
BRDA:104,23,1,0
BRDA:107,24,0,0
BRDA:107,24,1,0
BRF:50
BRH:0
end_of_record
TN:
SF:src\lib\api\messages.ts
FN:37,createMessage
FN:41,listMessages
FNF:2
FNH:0
FNDA:0,createMessage
FNDA:0,listMessages
DA:5,0
DA:37,0
DA:38,0
DA:41,0
DA:46,0
DA:47,0
DA:48,0
DA:49,0
DA:50,0
DA:51,0
LF:10
LH:0
BRDA:47,0,0,0
BRDA:47,0,1,0
BRDA:47,1,0,0
BRDA:47,1,1,0
BRDA:47,2,0,0
BRDA:47,2,1,0
BRDA:48,3,0,0
BRDA:48,3,1,0
BRDA:48,4,0,0
BRDA:48,4,1,0
BRDA:48,5,0,0
BRDA:48,5,1,0
BRDA:49,6,0,0
BRDA:49,6,1,0
BRDA:49,7,0,0
BRDA:49,7,1,0
BRDA:49,8,0,0
BRDA:49,8,1,0
BRDA:51,9,0,0
BRDA:51,9,1,0
BRF:20
BRH:0
end_of_record
TN:
SF:src\lib\api\patients.ts
FN:70,createPatient
FN:74,updatePatient
FN:78,getPatient
FN:82,listPatients
FN:100,deletePatient
FN:104,changePatientStatus
FNF:6
FNH:0
FNDA:0,createPatient
FNDA:0,updatePatient
FNDA:0,getPatient
FNDA:0,listPatients
FNDA:0,deletePatient
FNDA:0,changePatientStatus
DA:5,0
DA:70,0
DA:71,0
DA:74,0
DA:75,0
DA:78,0
DA:79,0
DA:82,0
DA:89,0
DA:90,0
DA:91,0
DA:92,0
DA:93,0
DA:94,0
DA:96,0
DA:97,0
DA:100,0
DA:101,0
DA:104,0
DA:105,0
LF:20
LH:0
BRDA:90,0,0,0
BRDA:90,0,1,0
BRDA:90,1,0,0
BRDA:90,1,1,0
BRDA:90,2,0,0
BRDA:90,2,1,0
BRDA:91,3,0,0
BRDA:91,3,1,0
BRDA:91,4,0,0
BRDA:91,4,1,0
BRDA:91,5,0,0
BRDA:91,5,1,0
BRDA:92,6,0,0
BRDA:92,6,1,0
BRDA:92,7,0,0
BRDA:92,7,1,0
BRDA:92,8,0,0
BRDA:92,8,1,0
BRDA:93,9,0,0
BRDA:93,9,1,0
BRDA:93,10,0,0
BRDA:93,10,1,0
BRDA:93,11,0,0
BRDA:93,11,1,0
BRDA:94,12,0,0
BRDA:94,12,1,0
BRDA:94,13,0,0
BRDA:94,13,1,0
BRDA:94,14,0,0
BRDA:94,14,1,0
BRDA:97,15,0,0
BRDA:97,15,1,0
BRF:32
BRH:0
end_of_record
TN:
SF:src\lib\api\reports.ts
FN:46,createReport
FN:50,updateReport
FN:54,getReport
FN:58,listReports
FN:84,submitReportForReview
FN:88,approveReport
FN:92,deleteReport
FNF:7
FNH:0
FNDA:0,createReport
FNDA:0,updateReport
FNDA:0,getReport
FNDA:0,listReports
FNDA:0,submitReportForReview
FNDA:0,approveReport
FNDA:0,deleteReport
DA:5,0
DA:46,0
DA:47,0
DA:50,0
DA:51,0
DA:54,0
DA:55,0
DA:58,0
DA:69,0
DA:70,0
DA:71,0
DA:72,0
DA:73,0
DA:74,0
DA:75,0
DA:76,0
DA:77,0
DA:78,0
DA:80,0
DA:81,0
DA:84,0
DA:85,0
DA:88,0
DA:89,0
DA:92,0
DA:93,0
LF:26
LH:0
BRDA:70,0,0,0
BRDA:70,0,1,0
BRDA:70,1,0,0
BRDA:70,1,1,0
BRDA:70,2,0,0
BRDA:70,2,1,0
BRDA:71,3,0,0
BRDA:71,3,1,0
BRDA:71,4,0,0
BRDA:71,4,1,0
BRDA:71,5,0,0
BRDA:71,5,1,0
BRDA:72,6,0,0
BRDA:72,6,1,0
BRDA:72,7,0,0
BRDA:72,7,1,0
BRDA:72,8,0,0
BRDA:72,8,1,0
BRDA:73,9,0,0
BRDA:73,9,1,0
BRDA:73,10,0,0
BRDA:73,10,1,0
BRDA:73,11,0,0
BRDA:73,11,1,0
BRDA:74,12,0,0
BRDA:74,12,1,0
BRDA:74,13,0,0
BRDA:74,13,1,0
BRDA:74,14,0,0
BRDA:74,14,1,0
BRDA:75,15,0,0
BRDA:75,15,1,0
BRDA:75,16,0,0
BRDA:75,16,1,0
BRDA:75,17,0,0
BRDA:75,17,1,0
BRDA:76,18,0,0
BRDA:76,18,1,0
BRDA:76,19,0,0
BRDA:76,19,1,0
BRDA:76,20,0,0
BRDA:76,20,1,0
BRDA:77,21,0,0
BRDA:77,21,1,0
BRDA:77,22,0,0
BRDA:77,22,1,0
BRDA:77,23,0,0
BRDA:77,23,1,0
BRDA:78,24,0,0
BRDA:78,24,1,0
BRDA:78,25,0,0
BRDA:78,25,1,0
BRDA:78,26,0,0
BRDA:78,26,1,0
BRDA:81,27,0,0
BRDA:81,27,1,0
BRF:56
BRH:0
end_of_record
TN:
SF:src\lib\api\tasks.ts
FN:49,createTask
FN:53,listTasks
FN:73,getTask
FN:77,updateTask
FN:81,deleteTask
FNF:5
FNH:0
FNDA:0,createTask
FNDA:0,listTasks
FNDA:0,getTask
FNDA:0,updateTask
FNDA:0,deleteTask
DA:5,0
DA:49,0
DA:50,0
DA:53,0
DA:61,0
DA:62,0
DA:63,0
DA:64,0
DA:65,0
DA:66,0
DA:67,0
DA:69,0
DA:70,0
DA:73,0
DA:74,0
DA:77,0
DA:78,0
DA:81,0
DA:82,0
LF:19
LH:0
BRDA:62,0,0,0
BRDA:62,0,1,0
BRDA:62,1,0,0
BRDA:62,1,1,0
BRDA:62,2,0,0
BRDA:62,2,1,0
BRDA:63,3,0,0
BRDA:63,3,1,0
BRDA:63,4,0,0
BRDA:63,4,1,0
BRDA:63,5,0,0
BRDA:63,5,1,0
BRDA:64,6,0,0
BRDA:64,6,1,0
BRDA:64,7,0,0
BRDA:64,7,1,0
BRDA:64,8,0,0
BRDA:64,8,1,0
BRDA:65,9,0,0
BRDA:65,9,1,0
BRDA:65,10,0,0
BRDA:65,10,1,0
BRDA:65,11,0,0
BRDA:65,11,1,0
BRDA:66,12,0,0
BRDA:66,12,1,0
BRDA:66,13,0,0
BRDA:66,13,1,0
BRDA:66,14,0,0
BRDA:66,14,1,0
BRDA:67,15,0,0
BRDA:67,15,1,0
BRDA:67,16,0,0
BRDA:67,16,1,0
BRDA:67,17,0,0
BRDA:67,17,1,0
BRDA:70,18,0,0
BRDA:70,18,1,0
BRF:38
BRH:0
end_of_record
TN:
SF:src\lib\core\domain\types.ts
FNF:0
FNH:0
DA:10,0
LF:1
LH:0
BRF:0
BRH:0
end_of_record
TN:
SF:src\lib\schemas\evolution-history.schema.ts
FN:36,(anonymous_0)
FNF:1
FNH:0
FNDA:0,(anonymous_0)
DA:1,2
DA:7,2
DA:18,2
DA:28,2
DA:36,0
DA:40,2
DA:47,2
LF:7
LH:6
BRDA:36,0,0,0
BRDA:36,0,1,0
BRDA:36,0,2,0
BRDA:36,0,3,0
BRF:4
BRH:0
end_of_record
TN:
SF:src\lib\security\csp.ts
FN:15,generateNonce
FN:27,buildCSP
FN:63,(anonymous_2)
FNF:3
FNH:0
FNDA:0,generateNonce
FNDA:0,buildCSP
FNDA:0,(anonymous_2)
DA:15,0
DA:16,0
DA:17,0
DA:19,0
DA:20,0
DA:27,0
DA:28,0
DA:29,0
DA:31,0
DA:35,0
DA:36,0
DA:37,0
DA:39,0
DA:40,0
DA:41,0
DA:42,0
DA:48,0
DA:62,0
DA:63,0
LF:19
LH:0
BRDA:28,0,0,0
BRDA:28,0,1,0
BRDA:28,1,0,0
BRDA:28,1,1,0
BRDA:29,2,0,0
BRDA:29,2,1,0
BRDA:29,3,0,0
BRDA:29,3,1,0
BRDA:31,4,0,0
BRDA:31,4,1,0
BRDA:36,5,0,0
BRDA:36,5,1,0
BRDA:37,6,0,0
BRDA:37,6,1,0
BRDA:42,7,0,0
BRDA:42,7,1,0
BRF:16
BRH:0
end_of_record
TN:
SF:src\lib\security\rate-limit.ts
FN:39,createRateLimiters
FN:66,getRateLimiters
FN:82,checkRateLimit
FNF:3
FNH:0
FNDA:0,createRateLimiters
FNDA:0,getRateLimiters
FNDA:0,checkRateLimit
DA:7,0
DA:8,0
DA:23,0
DA:28,0
DA:40,0
DA:41,0
DA:43,0
DA:44,0
DA:47,0
DA:48,0
DA:50,0
DA:51,0
DA:61,0
DA:67,0
DA:68,0
DA:69,0
DA:70,0
DA:75,0
DA:82,0
DA:86,0
DA:88,0
DA:89,0
DA:92,0
DA:93,0
DA:94,0
DA:97,0
DA:98,0
DA:99,0
DA:106,0
DA:107,0
LF:30
LH:0
BRDA:43,0,0,0
BRDA:43,0,1,0
BRDA:43,1,0,0
BRDA:43,1,1,0
BRDA:67,2,0,0
BRDA:67,2,1,0
BRDA:69,3,0,0
BRDA:69,3,1,0
BRDA:88,4,0,0
BRDA:88,4,1,0
BRDA:93,5,0,0
BRDA:93,5,1,0
BRF:12
BRH:0
end_of_record
TN:
SF:src\lib\security\rbac.ts
FN:20,useRBAC
FN:23,(anonymous_1)
FN:31,(anonymous_2)
FN:32,(anonymous_3)
FN:38,(anonymous_4)
FN:39,(anonymous_5)
FNF:6
FNH:0
FNDA:0,useRBAC
FNDA:0,(anonymous_1)
FNDA:0,(anonymous_2)
FNDA:0,(anonymous_3)
FNDA:0,(anonymous_4)
FNDA:0,(anonymous_5)
DA:3,0
DA:4,0
DA:9,0
DA:20,0
DA:21,0
DA:23,0
DA:24,0
DA:25,0
DA:26,0
DA:28,0
DA:31,0
DA:32,0
DA:33,0
DA:34,0
DA:38,0
DA:39,0
DA:40,0
DA:41,0
DA:42,0
DA:46,0
LF:20
LH:0
BRDA:24,0,0,0
BRDA:24,0,1,0
BRDA:24,1,0,0
BRDA:24,1,1,0
BRDA:24,2,0,0
BRDA:24,2,1,0
BRDA:24,3,0,0
BRDA:24,3,1,0
BRDA:25,4,0,0
BRDA:25,4,1,0
BRDA:25,5,0,0
BRDA:25,5,1,0
BRDA:25,5,2,0
BRDA:25,5,3,0
BRDA:33,6,0,0
BRDA:33,6,1,0
BRDA:41,7,0,0
BRDA:41,7,1,0
BRF:18
BRH:0
end_of_record
TN:
SF:src\lib\security\sanitize.ts
FN:7,stripHtml
FN:23,escapeHtml
FN:38,sanitizedString
FN:39,(anonymous_3)
FNF:4
FNH:0
FNDA:0,stripHtml
FNDA:0,escapeHtml
FNDA:0,sanitizedString
FNDA:0,(anonymous_3)
DA:1,0
DA:7,0
DA:8,0
DA:11,0
DA:14,0
DA:16,0
DA:23,0
DA:24,0
DA:26,0
DA:38,0
DA:39,0
LF:11
LH:0
BRDA:8,0,0,0
BRDA:8,0,1,0
BRDA:24,1,0,0
BRDA:24,1,1,0
BRF:4
BRH:0
end_of_record
TN:
SF:src\lib\supabase\actions.ts
FN:6,signInAction
FN:17,signUpAction
FN:33,signOutAction
FNF:3
FNH:0
FNDA:0,signInAction
FNDA:0,signUpAction
FNDA:0,signOutAction
DA:3,0
DA:4,0
DA:6,0
DA:7,0
DA:8,0
DA:9,0
DA:11,0
DA:12,0
DA:14,0
DA:17,0
DA:18,0
DA:19,0
DA:20,0
DA:21,0
DA:23,0
DA:28,0
DA:30,0
DA:33,0
DA:34,0
DA:35,0
DA:36,0
DA:41,0
DA:42,0
DA:43,0
LF:24
LH:0
BRDA:12,0,0,0
BRDA:12,0,1,0
BRDA:28,1,0,0
BRDA:28,1,1,0
BRF:4
BRH:0
end_of_record
TN:
SF:src\lib\supabase\client.ts
FN:3,createClient
FNF:1
FNH:0
FNDA:0,createClient
DA:1,0
DA:3,0
DA:4,0
DA:10,0
LF:4
LH:0
BRF:0
BRH:0
end_of_record
TN:
SF:src\lib\supabase\middleware.ts
FN:4,updateSession
FN:12,(anonymous_1)
FN:15,(anonymous_2)
FN:16,(anonymous_3)
FN:20,(anonymous_4)
FNF:5
FNH:0
FNDA:0,updateSession
FNDA:0,(anonymous_1)
FNDA:0,(anonymous_2)
FNDA:0,(anonymous_3)
FNDA:0,(anonymous_4)
DA:1,0
DA:2,0
DA:4,0
DA:5,0
DA:7,0
DA:13,0
DA:16,0
DA:17,0
DA:19,0
DA:20,0
DA:21,0
DA:28,0
DA:30,0
LF:13
LH:0
BRF:0
BRH:0
end_of_record
TN:
SF:src\lib\supabase\server.ts
FN:4,createClient
FN:12,(anonymous_1)
FN:15,(anonymous_2)
FN:17,(anonymous_3)
FNF:4
FNH:0
FNDA:0,createClient
FNDA:0,(anonymous_1)
FNDA:0,(anonymous_2)
FNDA:0,(anonymous_3)
DA:1,0
DA:2,0
DA:4,0
DA:5,0
DA:7,0
DA:13,0
DA:16,0
DA:17,0
DA:18,0
LF:9
LH:0
BRF:0
BRH:0
end_of_record
TN:
SF:src\lib\utils\whatsapp-utils.ts
FN:54,(anonymous_0)
FN:66,(anonymous_1)
FN:82,(anonymous_2)
FN:95,(anonymous_3)
FN:117,formatPhoneForWhatsApp
FN:180,buildWhatsAppUrl
FN:197,applyTemplate
FNF:7
FNH:0
FNDA:0,(anonymous_0)
FNDA:0,(anonymous_1)
FNDA:0,(anonymous_2)
FNDA:0,(anonymous_3)
FNDA:0,formatPhoneForWhatsApp
FNDA:0,buildWhatsAppUrl
FNDA:0,applyTemplate
DA:49,0
DA:55,0
DA:67,0
DA:83,0
DA:96,0
DA:117,0
DA:119,0
DA:122,0
DA:123,0
DA:133,0
DA:134,0
DA:137,0
DA:138,0
DA:141,0
DA:142,0
DA:146,0
DA:150,0
DA:152,0
DA:153,0
DA:160,0
DA:180,0
DA:181,0
DA:182,0
DA:197,0
DA:198,0
DA:199,0
LF:26
LH:0
BRDA:122,0,0,0
BRDA:122,0,1,0
BRDA:133,1,0,0
BRDA:133,1,1,0
BRDA:133,2,0,0
BRDA:133,2,1,0
BRDA:133,2,2,0
BRDA:137,3,0,0
BRDA:137,3,1,0
BRDA:137,4,0,0
BRDA:137,4,1,0
BRDA:141,5,0,0
BRDA:141,5,1,0
BRDA:141,6,0,0
BRDA:141,6,1,0
BRDA:146,7,0,0
BRDA:146,7,1,0
BRDA:152,8,0,0
BRDA:152,8,1,0
BRF:19
BRH:0
end_of_record
TN:
SF:src\lib\validations\auth.ts
FN:13,(anonymous_0)
FNF:1
FNH:0
FNDA:0,(anonymous_0)
DA:1,0
DA:3,0
DA:8,0
DA:13,0
LF:4
LH:0
BRF:0
BRH:0
end_of_record
TN:
SF:src\services\goal-history\chart-data-formatter.ts
FN:19,(anonymous_0)
FN:21,(anonymous_1)
FN:23,(anonymous_2)
FN:28,(anonymous_3)
FN:47,(anonymous_4)
FN:51,(anonymous_5)
FN:82,(anonymous_6)
FN:85,(anonymous_7)
FN:94,(anonymous_8)
FN:117,(anonymous_9)
FN:120,(anonymous_10)
FNF:11
FNH:2
FNDA:0,(anonymous_0)
FNDA:0,(anonymous_1)
FNDA:0,(anonymous_2)
FNDA:0,(anonymous_3)
FNDA:0,(anonymous_4)
FNDA:0,(anonymous_5)
FNDA:601,(anonymous_6)
FNDA:7289,(anonymous_7)
FNDA:0,(anonymous_8)
FNDA:0,(anonymous_9)
FNDA:0,(anonymous_10)
DA:1,1
DA:2,1
DA:12,1
DA:21,0
DA:23,0
DA:24,0
DA:25,0
DA:28,0
DA:29,0
DA:32,0
DA:48,0
DA:51,0
DA:54,0
DA:56,0
DA:57,0
DA:58,0
DA:60,0
DA:61,0
DA:63,0
DA:67,0
DA:69,0
DA:70,0
DA:71,0
DA:74,0
DA:83,601
DA:85,7289
DA:86,600
DA:99,0
DA:100,0
DA:101,0
DA:105,0
DA:118,0
DA:120,0
DA:121,0
DA:122,0
DA:124,0
DA:125,0
DA:130,1
LF:38
LH:7
BRDA:24,0,0,0
BRDA:24,0,1,0
BRDA:25,1,0,0
BRDA:25,1,1,0
BRDA:37,2,0,0
BRDA:37,2,1,0
BRDA:37,3,0,0
BRDA:37,3,1,0
BRDA:48,4,0,0
BRDA:48,4,1,0
BRDA:60,5,0,0
BRDA:60,5,1,0
BRDA:83,6,0,1
BRDA:83,6,1,600
BRDA:101,7,0,0
BRDA:101,7,1,0
BRDA:102,8,0,0
BRDA:102,8,1,0
BRDA:118,9,0,0
BRDA:118,9,1,0
BRF:20
BRH:2
end_of_record
TN:
SF:src\services\goal-history\export.service.ts
FN:22,(anonymous_1)
FN:133,(anonymous_2)
FN:135,(anonymous_3)
FN:160,(anonymous_4)
FN:167,(anonymous_5)
FN:168,(anonymous_6)
FN:189,(anonymous_7)
FN:212,(anonymous_8)
FNF:8
FNH:8
FNDA:10,(anonymous_1)
FNDA:110,(anonymous_2)
FNDA:1353,(anonymous_3)
FNDA:4,(anonymous_4)
FNDA:3,(anonymous_5)
FNDA:3,(anonymous_6)
FNDA:9,(anonymous_7)
FNDA:1,(anonymous_8)
DA:1,2
DA:2,2
DA:3,2
DA:4,2
DA:5,2
DA:16,2
DA:29,10
DA:30,10
DA:31,9
DA:34,9
DA:35,9
DA:36,9
DA:39,9
DA:40,9
DA:41,9
DA:43,9
DA:44,1
DA:45,1
DA:49,9
DA:50,1
DA:51,1
DA:52,1
DA:53,1
DA:57,9
DA:58,1
DA:59,1
DA:60,1
DA:61,1
DA:62,1
DA:64,0
DA:69,9
DA:70,1
DA:71,0
DA:72,0
DA:75,1
DA:76,1
DA:77,1
DA:79,1
DA:80,1
DA:81,1
DA:82,0
DA:83,0
DA:86,1
DA:87,1
DA:88,1
DA:93,9
DA:94,1
DA:95,1
DA:97,1
DA:98,1
DA:99,1
DA:101,1
DA:102,1
DA:103,1
DA:104,1
DA:105,1
DA:107,1
DA:108,1
DA:109,0
DA:110,0
DA:113,1
DA:114,1
DA:115,1
DA:116,1
DA:117,1
DA:121,9
DA:123,1
DA:124,1
DA:134,110
DA:135,1353
DA:143,110
DA:148,109
DA:150,1
DA:151,1
DA:161,4
DA:162,4
DA:167,3
DA:168,3
DA:169,3
DA:170,2
DA:172,1
DA:177,1
DA:178,1
DA:194,9
DA:195,9
DA:197,9
DA:198,9
DA:199,1
DA:200,1
DA:201,1
DA:204,9
DA:213,1
DA:214,1
DA:215,1
DA:216,1
DA:217,1
DA:218,1
DA:219,1
DA:220,1
DA:225,2
LF:100
LH:93
BRDA:43,0,0,1
BRDA:43,0,1,8
BRDA:49,1,0,1
BRDA:49,1,1,8
BRDA:57,2,0,1
BRDA:57,2,1,8
BRDA:57,3,0,9
BRDA:57,3,1,1
BRDA:69,4,0,1
BRDA:69,4,1,8
BRDA:69,5,0,9
BRDA:69,5,1,1
BRDA:70,6,0,0
BRDA:70,6,1,1
BRDA:81,7,0,0
BRDA:81,7,1,1
BRDA:93,8,0,1
BRDA:93,8,1,8
BRDA:108,9,0,0
BRDA:108,9,1,1
BRDA:116,10,0,1
BRDA:116,10,1,0
BRDA:116,11,0,1
BRDA:116,11,1,0
BRDA:139,12,0,1353
BRDA:139,12,1,685
BRDA:140,13,0,1353
BRDA:140,13,1,679
BRDA:169,14,0,2
BRDA:169,14,1,1
BRDA:195,15,0,1
BRDA:195,15,1,8
BRDA:198,16,0,1
BRDA:198,16,1,8
BRF:34
BRH:29
end_of_record
TN:
SF:src\services\goal-history\goal-history.service.ts
FN:13,(anonymous_0)
FN:23,(anonymous_1)
FN:37,(anonymous_2)
FN:58,(anonymous_3)
FN:72,(anonymous_4)
FN:83,(anonymous_5)
FN:102,(anonymous_6)
FN:112,(anonymous_7)
FN:132,(anonymous_8)
FN:166,(anonymous_9)
FNF:10
FNH:7
FNDA:717,(anonymous_0)
FNDA:205,(anonymous_1)
FNDA:1331,(anonymous_2)
FNDA:5,(anonymous_3)
FNDA:3,(anonymous_4)
FNDA:2,(anonymous_5)
FNDA:0,(anonymous_6)
FNDA:0,(anonymous_7)
FNDA:504,(anonymous_8)
FNDA:0,(anonymous_9)
DA:1,3
DA:13,3
DA:14,717
DA:28,205
DA:29,205
DA:35,205
DA:37,1331
DA:48,1
DA:49,1
DA:59,5
DA:61,5
DA:66,5
DA:68,4
DA:69,2
DA:72,3
DA:75,2
DA:81,2
DA:83,2
DA:92,2
DA:93,2
DA:103,0
DA:104,0
DA:110,0
DA:112,0
DA:122,0
DA:123,0
DA:133,504
DA:134,504
DA:145,504
DA:147,503
DA:156,1
DA:157,1
DA:167,0
DA:168,0
DA:180,0
DA:182,0
DA:192,0
DA:193,0
DA:199,3
LF:39
LH:27
BRDA:31,0,0,205
BRDA:31,0,1,204
BRDA:31,1,0,204
BRDA:31,1,1,1
BRDA:31,2,0,205
BRDA:31,2,1,205
BRDA:32,3,0,205
BRDA:32,3,1,204
BRDA:32,4,0,204
BRDA:32,4,1,1
BRDA:32,5,0,205
BRDA:32,5,1,205
BRDA:35,6,0,1
BRDA:35,6,1,204
BRDA:37,7,0,204
BRDA:37,7,1,51
BRDA:66,8,0,1
BRDA:66,8,1,4
BRDA:68,9,0,2
BRDA:68,9,1,2
BRDA:68,10,0,4
BRDA:68,10,1,3
BRDA:81,11,0,1
BRDA:81,11,1,1
BRDA:83,12,0,1
BRDA:83,12,1,0
BRDA:110,13,0,0
BRDA:110,13,1,0
BRDA:112,14,0,0
BRDA:112,14,1,0
BRDA:145,15,0,1
BRDA:145,15,1,503
BRDA:180,16,0,0
BRDA:180,16,1,0
BRF:34
BRH:27
end_of_record
TN:
SF:src\services\goal-history\history-parser.ts
FN:14,(anonymous_0)
FN:22,(anonymous_1)
FN:36,(anonymous_2)
FN:47,(anonymous_3)
FN:59,(anonymous_4)
FN:72,(anonymous_5)
FNF:6
FNH:5
FNDA:1120,(anonymous_0)
FNDA:1120,(anonymous_1)
FNDA:0,(anonymous_2)
FNDA:6450,(anonymous_3)
FNDA:2943,(anonymous_4)
FNDA:800,(anonymous_5)
DA:1,2
DA:7,2
DA:15,1120
DA:16,1120
DA:18,1120
DA:19,0
DA:22,1120
DA:24,0
DA:25,0
DA:27,0
DA:37,0
DA:38,0
DA:49,6450
DA:50,5843
DA:51,5843
DA:52,5461
DA:56,6450
DA:58,6450
DA:59,2943
DA:60,2443
DA:63,4007
DA:76,800
DA:77,800
DA:79,800
DA:80,0
DA:83,800
DA:85,800
DA:86,5330
DA:87,5330
DA:88,2887
DA:91,2443
DA:92,313
DA:94,2443
DA:98,800
DA:100,0
DA:101,0
DA:103,0
DA:109,2
LF:38
LH:28
BRDA:18,0,0,0
BRDA:18,0,1,1120
BRDA:24,1,0,0
BRDA:24,1,1,0
BRDA:49,2,0,5843
BRDA:49,2,1,607
BRDA:49,3,0,6450
BRDA:49,3,1,6114
BRDA:51,4,0,5461
BRDA:51,4,1,382
BRDA:58,5,0,2443
BRDA:58,5,1,4007
BRDA:79,6,0,0
BRDA:79,6,1,800
BRDA:91,7,0,313
BRDA:91,7,1,2130
BRDA:91,8,0,2443
BRDA:91,8,1,313
BRDA:91,9,0,2130
BRDA:91,9,1,313
BRDA:91,10,0,2443
BRDA:91,10,1,2443
BRDA:100,11,0,0
BRDA:100,11,1,0
BRF:24
BRH:18
end_of_record
TN:
SF:src\services\goal-history\pretty-printer.ts
FN:12,(anonymous_0)
FN:21,(anonymous_1)
FN:31,(anonymous_2)
FNF:3
FNH:2
FNDA:1220,(anonymous_0)
FNDA:0,(anonymous_1)
FNDA:1220,(anonymous_2)
DA:6,1
DA:13,1220
DA:22,0
DA:32,1220
DA:37,1
LF:5
LH:4
BRDA:31,0,0,0
BRF:1
BRH:0
end_of_record
TN:
SF:src\services\goal-history\trend-analyzer.ts
FN:24,(anonymous_0)
FN:32,(anonymous_1)
FN:39,(anonymous_2)
FN:55,(anonymous_3)
FN:61,(anonymous_4)
FN:81,(anonymous_5)
FN:87,(anonymous_6)
FN:145,(anonymous_7)
FN:168,(anonymous_8)
FN:175,(anonymous_9)
FN:179,(anonymous_10)
FN:195,(anonymous_11)
FN:225,(anonymous_12)
FN:240,(anonymous_13)
FNF:14
FNH:12
FNDA:715,(anonymous_0)
FNDA:1428,(anonymous_1)
FNDA:711,(anonymous_2)
FNDA:409,(anonymous_3)
FNDA:307,(anonymous_4)
FNDA:1007,(anonymous_5)
FNDA:5237,(anonymous_6)
FNDA:3,(anonymous_7)
FNDA:6,(anonymous_8)
FNDA:20,(anonymous_9)
FNDA:10,(anonymous_10)
FNDA:6,(anonymous_11)
FNDA:0,(anonymous_12)
FNDA:0,(anonymous_13)
DA:1,6
DA:12,6
DA:17,6
DA:25,715
DA:26,2
DA:29,713
DA:30,713
DA:32,1428
DA:34,713
DA:35,2
DA:39,711
DA:41,711
DA:42,711
DA:43,711
DA:45,711
DA:46,468
DA:47,221
DA:56,409
DA:57,103
DA:61,307
DA:63,306
DA:68,306
DA:69,101
DA:72,205
DA:73,205
DA:82,1007
DA:84,1007
DA:87,5237
DA:90,1006
DA:91,224
DA:103,1006
DA:104,2718
DA:105,2718
DA:106,2718
DA:108,2718
DA:109,1847
DA:110,1847
DA:122,2718
DA:123,227
DA:135,1006
DA:150,3
DA:151,3
DA:153,3
DA:155,3
DA:172,6
DA:174,6
DA:175,20
DA:178,6
DA:179,10
DA:182,6
DA:196,6
DA:197,6
DA:203,0
DA:204,0
DA:205,0
DA:206,0
DA:207,0
DA:209,0
DA:213,0
DA:214,0
DA:215,0
DA:216,0
DA:226,0
DA:227,0
DA:229,0
DA:230,0
DA:240,0
DA:241,0
DA:242,0
DA:244,0
DA:256,6
LF:71
LH:53
BRDA:24,0,0,0
BRDA:25,1,0,2
BRDA:25,1,1,713
BRDA:34,2,0,2
BRDA:34,2,1,711
BRDA:45,3,0,243
BRDA:45,3,1,468
BRDA:46,4,0,247
BRDA:46,4,1,221
BRDA:56,5,0,103
BRDA:56,5,1,306
BRDA:68,6,0,101
BRDA:68,6,1,205
BRDA:84,7,0,1
BRDA:84,7,1,1006
BRDA:90,8,0,224
BRDA:90,8,1,782
BRDA:108,9,0,1847
BRDA:108,9,1,871
BRDA:109,10,0,1056
BRDA:109,10,1,791
BRDA:116,11,0,1056
BRDA:116,11,1,791
BRDA:122,12,0,227
BRDA:122,12,1,2491
BRDA:122,13,0,2718
BRDA:122,13,1,227
BRDA:175,14,0,20
BRDA:175,14,1,14
BRDA:178,15,0,5
BRDA:178,15,1,1
BRDA:196,16,0,6
BRDA:196,16,1,0
BRDA:196,17,0,6
BRDA:196,17,1,6
BRDA:203,18,0,0
BRDA:203,18,1,0
BRDA:203,19,0,0
BRDA:203,19,1,0
BRDA:225,20,0,0
BRDA:229,21,0,0
BRDA:229,21,1,0
BRF:42
BRH:33
end_of_record
TN:
SF:src\types\evolution-history.ts
FNF:0
FNH:0
DA:181,12
DA:204,12
DA:222,12
LF:3
LH:3
BRF:0
BRH:0
end_of_record
